<?xml version="1.0" encoding="UTF-8"?>
<testsuite name="tech.rsqn.cdsl.context.dynamodb.CdslDynamoIntegrationTest" time="0.271" tests="1" errors="0" skipped="0" failures="1">
  <properties>
    <property name="java.runtime.name" value="Java(TM) SE Runtime Environment"/>
    <property name="sun.boot.library.path" value="/usr/java/jdk1.8.0_151/jre/lib/amd64"/>
    <property name="java.vm.version" value="25.151-b12"/>
    <property name="java.vm.vendor" value="Oracle Corporation"/>
    <property name="maven.multiModuleProjectDirectory" value="/home/ec2-user/environment/cdsl-dynamodb-context-store"/>
    <property name="java.vendor.url" value="http://java.oracle.com/"/>
    <property name="path.separator" value=":"/>
    <property name="guice.disable.misplaced.annotation.check" value="true"/>
    <property name="java.vm.name" value="Java HotSpot(TM) 64-Bit Server VM"/>
    <property name="file.encoding.pkg" value="sun.io"/>
    <property name="user.country" value="US"/>
    <property name="sun.java.launcher" value="SUN_STANDARD"/>
    <property name="sun.os.patch.level" value="unknown"/>
    <property name="java.vm.specification.name" value="Java Virtual Machine Specification"/>
    <property name="user.dir" value="/home/ec2-user/environment/cdsl-dynamodb-context-store"/>
    <property name="java.runtime.version" value="1.8.0_151-b12"/>
    <property name="java.awt.graphicsenv" value="sun.awt.X11GraphicsEnvironment"/>
    <property name="java.endorsed.dirs" value="/usr/java/jdk1.8.0_151/jre/lib/endorsed"/>
    <property name="os.arch" value="amd64"/>
    <property name="java.io.tmpdir" value="/tmp"/>
    <property name="line.separator" value="&#10;"/>
    <property name="java.vm.specification.vendor" value="Oracle Corporation"/>
    <property name="os.name" value="Linux"/>
    <property name="classworlds.conf" value="/opt/apache-maven-3.5.2/bin/m2.conf"/>
    <property name="sun.jnu.encoding" value="UTF-8"/>
    <property name="java.library.path" value="/usr/java/packages/lib/amd64:/usr/lib64:/lib64:/lib:/usr/lib"/>
    <property name="maven.conf" value="/opt/apache-maven-3.5.2/conf"/>
    <property name="java.specification.name" value="Java Platform API Specification"/>
    <property name="java.class.version" value="52.0"/>
    <property name="sun.management.compiler" value="HotSpot 64-Bit Tiered Compilers"/>
    <property name="os.version" value="4.9.51-10.52.amzn1.x86_64"/>
    <property name="library.jansi.path" value="/opt/apache-maven-3.5.2/lib/jansi-native"/>
    <property name="user.home" value="/home/ec2-user"/>
    <property name="user.timezone" value="Etc/UTC"/>
    <property name="java.awt.printerjob" value="sun.print.PSPrinterJob"/>
    <property name="java.specification.version" value="1.8"/>
    <property name="file.encoding" value="UTF-8"/>
    <property name="user.name" value="ec2-user"/>
    <property name="java.class.path" value="/opt/apache-maven-3.5.2/boot/plexus-classworlds-2.5.2.jar"/>
    <property name="java.vm.specification.version" value="1.8"/>
    <property name="sun.arch.data.model" value="64"/>
    <property name="java.home" value="/usr/java/jdk1.8.0_151/jre"/>
    <property name="sun.java.command" value="org.codehaus.plexus.classworlds.launcher.Launcher clean install"/>
    <property name="java.specification.vendor" value="Oracle Corporation"/>
    <property name="user.language" value="en"/>
    <property name="awt.toolkit" value="sun.awt.X11.XToolkit"/>
    <property name="java.vm.info" value="mixed mode"/>
    <property name="java.version" value="1.8.0_151"/>
    <property name="java.ext.dirs" value="/usr/java/jdk1.8.0_151/jre/lib/ext:/usr/java/packages/lib/ext"/>
    <property name="securerandom.source" value="file:/dev/./urandom"/>
    <property name="sun.boot.class.path" value="/usr/java/jdk1.8.0_151/jre/lib/resources.jar:/usr/java/jdk1.8.0_151/jre/lib/rt.jar:/usr/java/jdk1.8.0_151/jre/lib/sunrsasign.jar:/usr/java/jdk1.8.0_151/jre/lib/jsse.jar:/usr/java/jdk1.8.0_151/jre/lib/jce.jar:/usr/java/jdk1.8.0_151/jre/lib/charsets.jar:/usr/java/jdk1.8.0_151/jre/lib/jfr.jar:/usr/java/jdk1.8.0_151/jre/classes"/>
    <property name="java.vendor" value="Oracle Corporation"/>
    <property name="maven.home" value="/opt/apache-maven-3.5.2"/>
    <property name="file.separator" value="/"/>
    <property name="java.vendor.url.bug" value="http://bugreport.sun.com/bugreport/"/>
    <property name="sun.cpu.endian" value="little"/>
    <property name="sun.io.unicode.encoding" value="UnicodeLittle"/>
    <property name="sun.cpu.isalist" value=""/>
  </properties>
  <testcase name="(tech.rsqn.cdsl.context.dynamodb.CdslDynamoIntegrationTest)" classname="tech.rsqn.cdsl.context.dynamodb.CdslDynamoIntegrationTest" time="0.271">
    <failure message="holy uck" type="java.lang.RuntimeException">java.lang.RuntimeException: holy uck
	at tech.rsqn.cdsl.context.CdslContext.putVar(CdslContext.java:71)
	at tech.rsqn.cdsl.context.dynamodb.CdslDynamoIntegrationTest.shouldCrudContext(CdslDynamoIntegrationTest.java:47)
</failure>
    <system-out><![CDATA[Configuring TestNG with: TestNG652Configurator
2018-02-22 05:56:30,997 [main] DEBUG azonaws.AmazonWebServiceClient  - Internal logging successfully configured to commons logger: true
2018-02-22 05:56:31,129 [main] DEBUG mazonaws.metrics.AwsSdkMetrics  - Admin mbean registered under com.amazonaws.management:type=AwsSdkMetrics
2018-02-22 05:56:32,148 [main] DEBUG internal.config.InternalConfig  - Configuration override awssdk_config_override.json not found.
2018-02-22 05:56:33,619 [Finalizer] DEBUG ingHttpClientConnectionManager  - Connection manager is shutting down
2018-02-22 05:56:33,619 [Finalizer] DEBUG ingHttpClientConnectionManager  - Connection manager shut down
2018-02-22 05:56:33,933 [main] DEBUG th.AWSCredentialsProviderChain  - Unable to load credentials from EnvironmentVariableCredentialsProvider: Unable to load AWS credentials from environment variables (AWS_ACCESS_KEY_ID (or AWS_ACCESS_KEY) and AWS_SECRET_KEY (or AWS_SECRET_ACCESS_KEY))
2018-02-22 05:56:33,941 [main] DEBUG th.AWSCredentialsProviderChain  - Unable to load credentials from SystemPropertiesCredentialsProvider: Unable to load AWS credentials from Java system properties (aws.accessKeyId and aws.secretKey)
2018-02-22 05:56:33,959 [main] DEBUG th.AWSCredentialsProviderChain  - Loading credentials from com.amazonaws.auth.profile.ProfileCredentialsProvider@21dd405a
2018-02-22 05:56:33,975 [main] DEBUG          com.amazonaws.request  - Sending Request: POST https://dynamodb.ap-southeast-2.amazonaws.com / Headers: (User-Agent: aws-sdk-java/1.11.269 Linux/4.9.51-10.52.amzn1.x86_64 Java_HotSpot(TM)_64-Bit_Server_VM/25.151-b12 java/1.8.0_151 com.amazonaws.services.dynamodbv2.datamodeling.DynamoDBMapper/1.11.269, amz-sdk-invocation-id: 60584d09-38cc-4b33-5b4d-e5e5146618cd, Content-Length: 104, X-Amz-Target: DynamoDB_20120810.GetItem, Content-Type: application/x-amz-json-1.0, ) 
2018-02-22 05:56:34,149 [main] DEBUG  com.amazonaws.auth.AWS4Signer  - AWS4 Canonical Request: '"POST
/

amz-sdk-invocation-id:60584d09-38cc-4b33-5b4d-e5e5146618cd
amz-sdk-retry:0/0/500
content-length:104
content-type:application/x-amz-json-1.0
host:dynamodb.ap-southeast-2.amazonaws.com
user-agent:aws-sdk-java/1.11.269 Linux/4.9.51-10.52.amzn1.x86_64 Java_HotSpot(TM)_64-Bit_Server_VM/25.151-b12 java/1.8.0_151 com.amazonaws.services.dynamodbv2.datamodeling.DynamoDBMapper/1.11.269
x-amz-date:20180222T055633Z
x-amz-security-token:FQoDYXdzED4aDEWVuZdu/igC4EsysCLWAxdNJ6Wt0/hMjgH96Gsv9xlVAOtm3iU3Xm6FBZ3g1+aJLAoqTyZ6uG9s0yqgCQqOWV7NiEVJdMipU8iHGTfd3A13V77DRebu/uo+xl+xG91Jmvl2DeIvhVq+WhEwMH8Va7zfx7q8eLHeNtMjceJ8fKsuQZLIAYu+66frmH8S1kGXB77+ace4f6BViUg1FT2h3wBiSL0ydQd52y8raGrbTLMqVCjcolANti+MjC43sm0heGzeNBTJ6UPDTGWmVZXvthqfvgEB/lIJm/nSfhb4vRuczpMRgyJsDvrSJ80kpAtFvbGuNAjDDs96+lEGcbjEPM4vcRAFVN4K7YvXPBGnWjwp94Q5jKrXwhtaifhb3YHR926fTMacf4lz6LOO/l6QY6dftQGqPzDBAN7eEd1Zu15nSfbVwFPiqZJ4QMNEspNrBZhENZXdDEw6awFHlyYqP82Ekd/U3vO1jCOL1s6QHjHxT5B8cebbGOZ+DS3wAIuSdckvSnDze9hu4Mk3R4DvzmYmJktuGs1+U+M5AdpACzCXfr5ddYg4BkuTxCbYS3wKU3Iy1kA48MGYdREAErVc9sVtTipLr2Ubc6MC//wDRtXCVKPwf5ReF2QkLkibJqTFy+HUoE2VKIj7t9QF
x-amz-target:DynamoDB_20120810.GetItem

amz-sdk-invocation-id;amz-sdk-retry;content-length;content-type;host;user-agent;x-amz-date;x-amz-security-token;x-amz-target
b59a01df01fed8b2e8a6262129438deda1ee3c208339a64cfec70972a0ae1836"
2018-02-22 05:56:34,150 [main] DEBUG  com.amazonaws.auth.AWS4Signer  - AWS4 String to Sign: '"AWS4-HMAC-SHA256
20180222T055633Z
20180222/ap-southeast-2/dynamodb/aws4_request
e96adc458dd8542363d4e22d56cec23328e25ed0c20d43c79fb623ed916dbd16"
2018-02-22 05:56:34,189 [main] DEBUG  com.amazonaws.auth.AWS4Signer  - Generating a new signing key as the signing key not available in the cache for the date 1519257600000
2018-02-22 05:56:34,368 [main] DEBUG ent.protocol.RequestAddCookies  - CookieSpec selected: default
2018-02-22 05:56:34,400 [main] DEBUG ient.protocol.RequestAuthCache  - Auth cache not set in the context
2018-02-22 05:56:34,415 [main] DEBUG ingHttpClientConnectionManager  - Connection request: [route: {s}->https://dynamodb.ap-southeast-2.amazonaws.com:443][total kept alive: 0; route allocated: 0 of 50; total allocated: 0 of 50]
2018-02-22 05:56:34,481 [main] DEBUG ingHttpClientConnectionManager  - Connection leased: [id: 0][route: {s}->https://dynamodb.ap-southeast-2.amazonaws.com:443][total kept alive: 0; route allocated: 1 of 50; total allocated: 1 of 50]
2018-02-22 05:56:34,485 [main] DEBUG .impl.execchain.MainClientExec  - Opening connection {s}->https://dynamodb.ap-southeast-2.amazonaws.com:443
2018-02-22 05:56:34,564 [main] DEBUG ltHttpClientConnectionOperator  - Connecting to dynamodb.ap-southeast-2.amazonaws.com/52.94.13.140:443
2018-02-22 05:56:34,564 [main] DEBUG p.conn.ssl.SdkTLSSocketFactory  - connecting to dynamodb.ap-southeast-2.amazonaws.com/52.94.13.140:443
2018-02-22 05:56:34,565 [main] DEBUG p.conn.ssl.SdkTLSSocketFactory  - Connecting socket to dynamodb.ap-southeast-2.amazonaws.com/52.94.13.140:443 with timeout 10000
2018-02-22 05:56:34,777 [main] DEBUG p.conn.ssl.SdkTLSSocketFactory  - Enabled protocols: [TLSv1, TLSv1.1, TLSv1.2]
2018-02-22 05:56:34,778 [main] DEBUG p.conn.ssl.SdkTLSSocketFactory  - Enabled cipher suites:[TLS_ECDHE_ECDSA_WITH_AES_128_CBC_SHA256, TLS_ECDHE_RSA_WITH_AES_128_CBC_SHA256, TLS_RSA_WITH_AES_128_CBC_SHA256, TLS_ECDH_ECDSA_WITH_AES_128_CBC_SHA256, TLS_ECDH_RSA_WITH_AES_128_CBC_SHA256, TLS_DHE_RSA_WITH_AES_128_CBC_SHA256, TLS_DHE_DSS_WITH_AES_128_CBC_SHA256, TLS_ECDHE_ECDSA_WITH_AES_128_CBC_SHA, TLS_ECDHE_RSA_WITH_AES_128_CBC_SHA, TLS_RSA_WITH_AES_128_CBC_SHA, TLS_ECDH_ECDSA_WITH_AES_128_CBC_SHA, TLS_ECDH_RSA_WITH_AES_128_CBC_SHA, TLS_DHE_RSA_WITH_AES_128_CBC_SHA, TLS_DHE_DSS_WITH_AES_128_CBC_SHA, TLS_ECDHE_ECDSA_WITH_AES_128_GCM_SHA256, TLS_ECDHE_RSA_WITH_AES_128_GCM_SHA256, TLS_RSA_WITH_AES_128_GCM_SHA256, TLS_ECDH_ECDSA_WITH_AES_128_GCM_SHA256, TLS_ECDH_RSA_WITH_AES_128_GCM_SHA256, TLS_DHE_RSA_WITH_AES_128_GCM_SHA256, TLS_DHE_DSS_WITH_AES_128_GCM_SHA256, TLS_ECDHE_ECDSA_WITH_3DES_EDE_CBC_SHA, TLS_ECDHE_RSA_WITH_3DES_EDE_CBC_SHA, SSL_RSA_WITH_3DES_EDE_CBC_SHA, TLS_ECDH_ECDSA_WITH_3DES_EDE_CBC_SHA, TLS_ECDH_RSA_WITH_3DES_EDE_CBC_SHA, SSL_DHE_RSA_WITH_3DES_EDE_CBC_SHA, SSL_DHE_DSS_WITH_3DES_EDE_CBC_SHA, TLS_EMPTY_RENEGOTIATION_INFO_SCSV]
2018-02-22 05:56:34,779 [main] DEBUG p.conn.ssl.SdkTLSSocketFactory  - socket.getSupportedProtocols(): [SSLv2Hello, SSLv3, TLSv1, TLSv1.1, TLSv1.2], socket.getEnabledProtocols(): [TLSv1, TLSv1.1, TLSv1.2]
2018-02-22 05:56:34,781 [main] DEBUG p.conn.ssl.SdkTLSSocketFactory  - TLS protocol enabled for SSL handshake: [TLSv1.2, TLSv1.1, TLSv1]
2018-02-22 05:56:34,781 [main] DEBUG p.conn.ssl.SdkTLSSocketFactory  - Starting handshake
2018-02-22 05:56:35,285 [main] DEBUG p.conn.ssl.SdkTLSSocketFactory  - Secure session established
2018-02-22 05:56:35,286 [main] DEBUG p.conn.ssl.SdkTLSSocketFactory  -  negotiated protocol: TLSv1.2
2018-02-22 05:56:35,286 [main] DEBUG p.conn.ssl.SdkTLSSocketFactory  -  negotiated cipher suite: TLS_ECDHE_RSA_WITH_AES_128_GCM_SHA256
2018-02-22 05:56:35,286 [main] DEBUG p.conn.ssl.SdkTLSSocketFactory  -  peer principal: CN=dynamodb.ap-southeast-2.amazonaws.com, O="Amazon.com, Inc.", L=Seattle, ST=Washington, C=US
2018-02-22 05:56:35,286 [main] DEBUG p.conn.ssl.SdkTLSSocketFactory  -  peer alternative names: [dynamodb.ap-southeast-2.amazonaws.com, *.ddb.ap-southeast-2.amazonaws.com]
2018-02-22 05:56:35,286 [main] DEBUG p.conn.ssl.SdkTLSSocketFactory  -  issuer principal: CN=Symantec Class 3 Secure Server CA - G4, OU=Symantec Trust Network, O=Symantec Corporation, C=US
2018-02-22 05:56:35,307 [main] DEBUG mazonaws.internal.SdkSSLSocket  - created: dynamodb.ap-southeast-2.amazonaws.com/52.94.13.140:443
2018-02-22 05:56:35,308 [main] DEBUG ltHttpClientConnectionOperator  - Connection established 10.0.0.127:40586<->52.94.13.140:443
2018-02-22 05:56:35,309 [main] DEBUG ultManagedHttpClientConnection  - http-outgoing-0: set socket timeout to 50000
2018-02-22 05:56:35,310 [main] DEBUG .impl.execchain.MainClientExec  - Executing request POST / HTTP/1.1
2018-02-22 05:56:35,310 [main] DEBUG .impl.execchain.MainClientExec  - Proxy auth state: UNCHALLENGED
2018-02-22 05:56:35,316 [main] DEBUG        org.apache.http.headers  - http-outgoing-0 >> POST / HTTP/1.1
2018-02-22 05:56:35,317 [main] DEBUG        org.apache.http.headers  - http-outgoing-0 >> Host: dynamodb.ap-southeast-2.amazonaws.com
2018-02-22 05:56:35,317 [main] DEBUG        org.apache.http.headers  - http-outgoing-0 >> Authorization: AWS4-HMAC-SHA256 Credential=ASIAIF5KDT4MNLUHAZXQ/20180222/ap-southeast-2/dynamodb/aws4_request, SignedHeaders=amz-sdk-invocation-id;amz-sdk-retry;content-length;content-type;host;user-agent;x-amz-date;x-amz-security-token;x-amz-target, Signature=d5b113017c2291b021226f95f9deb7c928c1aaa5a3cb9a736cbef483ff387a99
2018-02-22 05:56:35,320 [main] DEBUG        org.apache.http.headers  - http-outgoing-0 >> X-Amz-Date: 20180222T055633Z
2018-02-22 05:56:35,320 [main] DEBUG        org.apache.http.headers  - http-outgoing-0 >> User-Agent: aws-sdk-java/1.11.269 Linux/4.9.51-10.52.amzn1.x86_64 Java_HotSpot(TM)_64-Bit_Server_VM/25.151-b12 java/1.8.0_151 com.amazonaws.services.dynamodbv2.datamodeling.DynamoDBMapper/1.11.269
2018-02-22 05:56:35,321 [main] DEBUG        org.apache.http.headers  - http-outgoing-0 >> X-Amz-Security-Token: FQoDYXdzED4aDEWVuZdu/igC4EsysCLWAxdNJ6Wt0/hMjgH96Gsv9xlVAOtm3iU3Xm6FBZ3g1+aJLAoqTyZ6uG9s0yqgCQqOWV7NiEVJdMipU8iHGTfd3A13V77DRebu/uo+xl+xG91Jmvl2DeIvhVq+WhEwMH8Va7zfx7q8eLHeNtMjceJ8fKsuQZLIAYu+66frmH8S1kGXB77+ace4f6BViUg1FT2h3wBiSL0ydQd52y8raGrbTLMqVCjcolANti+MjC43sm0heGzeNBTJ6UPDTGWmVZXvthqfvgEB/lIJm/nSfhb4vRuczpMRgyJsDvrSJ80kpAtFvbGuNAjDDs96+lEGcbjEPM4vcRAFVN4K7YvXPBGnWjwp94Q5jKrXwhtaifhb3YHR926fTMacf4lz6LOO/l6QY6dftQGqPzDBAN7eEd1Zu15nSfbVwFPiqZJ4QMNEspNrBZhENZXdDEw6awFHlyYqP82Ekd/U3vO1jCOL1s6QHjHxT5B8cebbGOZ+DS3wAIuSdckvSnDze9hu4Mk3R4DvzmYmJktuGs1+U+M5AdpACzCXfr5ddYg4BkuTxCbYS3wKU3Iy1kA48MGYdREAErVc9sVtTipLr2Ubc6MC//wDRtXCVKPwf5ReF2QkLkibJqTFy+HUoE2VKIj7t9QF
2018-02-22 05:56:35,322 [main] DEBUG        org.apache.http.headers  - http-outgoing-0 >> amz-sdk-invocation-id: 60584d09-38cc-4b33-5b4d-e5e5146618cd
2018-02-22 05:56:35,323 [main] DEBUG        org.apache.http.headers  - http-outgoing-0 >> amz-sdk-retry: 0/0/500
2018-02-22 05:56:35,324 [main] DEBUG        org.apache.http.headers  - http-outgoing-0 >> X-Amz-Target: DynamoDB_20120810.GetItem
2018-02-22 05:56:35,324 [main] DEBUG        org.apache.http.headers  - http-outgoing-0 >> Content-Type: application/x-amz-json-1.0
2018-02-22 05:56:35,324 [main] DEBUG        org.apache.http.headers  - http-outgoing-0 >> Content-Length: 104
2018-02-22 05:56:35,325 [main] DEBUG        org.apache.http.headers  - http-outgoing-0 >> Connection: Keep-Alive
2018-02-22 05:56:35,326 [main] DEBUG           org.apache.http.wire  - http-outgoing-0 >> "POST / HTTP/1.1[\r][\n]"
2018-02-22 05:56:35,331 [main] DEBUG           org.apache.http.wire  - http-outgoing-0 >> "Host: dynamodb.ap-southeast-2.amazonaws.com[\r][\n]"
2018-02-22 05:56:35,331 [main] DEBUG           org.apache.http.wire  - http-outgoing-0 >> "Authorization: AWS4-HMAC-SHA256 Credential=ASIAIF5KDT4MNLUHAZXQ/20180222/ap-southeast-2/dynamodb/aws4_request, SignedHeaders=amz-sdk-invocation-id;amz-sdk-retry;content-length;content-type;host;user-agent;x-amz-date;x-amz-security-token;x-amz-target, Signature=d5b113017c2291b021226f95f9deb7c928c1aaa5a3cb9a736cbef483ff387a99[\r][\n]"
2018-02-22 05:56:35,332 [main] DEBUG           org.apache.http.wire  - http-outgoing-0 >> "X-Amz-Date: 20180222T055633Z[\r][\n]"
2018-02-22 05:56:35,332 [main] DEBUG           org.apache.http.wire  - http-outgoing-0 >> "User-Agent: aws-sdk-java/1.11.269 Linux/4.9.51-10.52.amzn1.x86_64 Java_HotSpot(TM)_64-Bit_Server_VM/25.151-b12 java/1.8.0_151 com.amazonaws.services.dynamodbv2.datamodeling.DynamoDBMapper/1.11.269[\r][\n]"
2018-02-22 05:56:35,333 [main] DEBUG           org.apache.http.wire  - http-outgoing-0 >> "X-Amz-Security-Token: FQoDYXdzED4aDEWVuZdu/igC4EsysCLWAxdNJ6Wt0/hMjgH96Gsv9xlVAOtm3iU3Xm6FBZ3g1+aJLAoqTyZ6uG9s0yqgCQqOWV7NiEVJdMipU8iHGTfd3A13V77DRebu/uo+xl+xG91Jmvl2DeIvhVq+WhEwMH8Va7zfx7q8eLHeNtMjceJ8fKsuQZLIAYu+66frmH8S1kGXB77+ace4f6BViUg1FT2h3wBiSL0ydQd52y8raGrbTLMqVCjcolANti+MjC43sm0heGzeNBTJ6UPDTGWmVZXvthqfvgEB/lIJm/nSfhb4vRuczpMRgyJsDvrSJ80kpAtFvbGuNAjDDs96+lEGcbjEPM4vcRAFVN4K7YvXPBGnWjwp94Q5jKrXwhtaifhb3YHR926fTMacf4lz6LOO/l6QY6dftQGqPzDBAN7eEd1Zu15nSfbVwFPiqZJ4QMNEspNrBZhENZXdDEw6awFHlyYqP82Ekd/U3vO1jCOL1s6QHjHxT5B8cebbGOZ+DS3wAIuSdckvSnDze9hu4Mk3R4DvzmYmJktuGs1+U+M5AdpACzCXfr5ddYg4BkuTxCbYS3wKU3Iy1kA48MGYdREAErVc9sVtTipLr2Ubc6MC//wDRtXCVKPwf5ReF2QkLkibJqTFy+HUoE2VKIj7t9QF[\r][\n]"
2018-02-22 05:56:35,334 [main] DEBUG           org.apache.http.wire  - http-outgoing-0 >> "amz-sdk-invocation-id: 60584d09-38cc-4b33-5b4d-e5e5146618cd[\r][\n]"
2018-02-22 05:56:35,334 [main] DEBUG           org.apache.http.wire  - http-outgoing-0 >> "amz-sdk-retry: 0/0/500[\r][\n]"
2018-02-22 05:56:35,335 [main] DEBUG           org.apache.http.wire  - http-outgoing-0 >> "X-Amz-Target: DynamoDB_20120810.GetItem[\r][\n]"
2018-02-22 05:56:35,335 [main] DEBUG           org.apache.http.wire  - http-outgoing-0 >> "Content-Type: application/x-amz-json-1.0[\r][\n]"
2018-02-22 05:56:35,336 [main] DEBUG           org.apache.http.wire  - http-outgoing-0 >> "Content-Length: 104[\r][\n]"
2018-02-22 05:56:35,336 [main] DEBUG           org.apache.http.wire  - http-outgoing-0 >> "Connection: Keep-Alive[\r][\n]"
2018-02-22 05:56:35,336 [main] DEBUG           org.apache.http.wire  - http-outgoing-0 >> "[\r][\n]"
2018-02-22 05:56:35,337 [main] DEBUG           org.apache.http.wire  - http-outgoing-0 >> "{"TableName":"CdslContextIntegrationTest","Key":{"id":{"S":"shouldCrudContext"}},"ConsistentRead":false}"
2018-02-22 05:56:35,540 [main] DEBUG           org.apache.http.wire  - http-outgoing-0 << "HTTP/1.1 200 OK[\r][\n]"
2018-02-22 05:56:35,540 [main] DEBUG           org.apache.http.wire  - http-outgoing-0 << "Server: Server[\r][\n]"
2018-02-22 05:56:35,540 [main] DEBUG           org.apache.http.wire  - http-outgoing-0 << "Date: Thu, 22 Feb 2018 05:56:35 GMT[\r][\n]"
2018-02-22 05:56:35,540 [main] DEBUG           org.apache.http.wire  - http-outgoing-0 << "Content-Type: application/x-amz-json-1.0[\r][\n]"
2018-02-22 05:56:35,540 [main] DEBUG           org.apache.http.wire  - http-outgoing-0 << "Content-Length: 189[\r][\n]"
2018-02-22 05:56:35,540 [main] DEBUG           org.apache.http.wire  - http-outgoing-0 << "Connection: keep-alive[\r][\n]"
2018-02-22 05:56:35,541 [main] DEBUG           org.apache.http.wire  - http-outgoing-0 << "x-amzn-RequestId: HIMUKH6G3LRBL9EU4TPCNL583JVV4KQNSO5AEMVJF66Q9ASUAAJG[\r][\n]"
2018-02-22 05:56:35,541 [main] DEBUG           org.apache.http.wire  - http-outgoing-0 << "x-amz-crc32: 657068592[\r][\n]"
2018-02-22 05:56:35,541 [main] DEBUG           org.apache.http.wire  - http-outgoing-0 << "[\r][\n]"
2018-02-22 05:56:35,541 [main] DEBUG           org.apache.http.wire  - http-outgoing-0 << "{"Item":{"contextId":{"S":"shouldCrudContext"},"id":{"S":"shouldCrudContext"},"createdTs":{"S":"2018-02-22T05:52:56.537Z"},"context":{"M":{}},"modifiedTs":{"S":"2018-02-22T05:52:56.729Z"}}}"
2018-02-22 05:56:35,551 [main] DEBUG        org.apache.http.headers  - http-outgoing-0 << HTTP/1.1 200 OK
2018-02-22 05:56:35,551 [main] DEBUG        org.apache.http.headers  - http-outgoing-0 << Server: Server
2018-02-22 05:56:35,552 [main] DEBUG        org.apache.http.headers  - http-outgoing-0 << Date: Thu, 22 Feb 2018 05:56:35 GMT
2018-02-22 05:56:35,552 [main] DEBUG        org.apache.http.headers  - http-outgoing-0 << Content-Type: application/x-amz-json-1.0
2018-02-22 05:56:35,553 [main] DEBUG        org.apache.http.headers  - http-outgoing-0 << Content-Length: 189
2018-02-22 05:56:35,553 [main] DEBUG        org.apache.http.headers  - http-outgoing-0 << Connection: keep-alive
2018-02-22 05:56:35,553 [main] DEBUG        org.apache.http.headers  - http-outgoing-0 << x-amzn-RequestId: HIMUKH6G3LRBL9EU4TPCNL583JVV4KQNSO5AEMVJF66Q9ASUAAJG
2018-02-22 05:56:35,555 [main] DEBUG        org.apache.http.headers  - http-outgoing-0 << x-amz-crc32: 657068592
2018-02-22 05:56:35,569 [main] DEBUG .impl.execchain.MainClientExec  - Connection can be kept alive for 60000 MILLISECONDS
2018-02-22 05:56:35,595 [main] DEBUG ingHttpClientConnectionManager  - Connection [id: 0][route: {s}->https://dynamodb.ap-southeast-2.amazonaws.com:443] can be kept alive for 60.0 seconds
2018-02-22 05:56:35,596 [main] DEBUG ingHttpClientConnectionManager  - Connection released: [id: 0][route: {s}->https://dynamodb.ap-southeast-2.amazonaws.com:443][total kept alive: 1; route allocated: 1 of 50; total allocated: 1 of 50]
2018-02-22 05:56:35,598 [main] DEBUG          com.amazonaws.request  - Received successful response: 200, AWS Request ID: HIMUKH6G3LRBL9EU4TPCNL583JVV4KQNSO5AEMVJF66Q9ASUAAJG
2018-02-22 05:56:35,599 [main] DEBUG        com.amazonaws.requestId  - x-amzn-RequestId: HIMUKH6G3LRBL9EU4TPCNL583JVV4KQNSO5AEMVJF66Q9ASUAAJG
2018-02-22 05:56:35,626 [main] DEBUG          com.amazonaws.request  - Sending Request: POST https://dynamodb.ap-southeast-2.amazonaws.com / Headers: (User-Agent: aws-sdk-java/1.11.269 Linux/4.9.51-10.52.amzn1.x86_64 Java_HotSpot(TM)_64-Bit_Server_VM/25.151-b12 java/1.8.0_151 com.amazonaws.services.dynamodbv2.datamodeling.DynamoDBMapper/1.11.269, amz-sdk-invocation-id: 5a102642-cb26-02e3-bf9d-ed54354c582b, Content-Length: 95, X-Amz-Target: DynamoDB_20120810.DeleteItem, Content-Type: application/x-amz-json-1.0, ) 
2018-02-22 05:56:35,631 [main] DEBUG  com.amazonaws.auth.AWS4Signer  - AWS4 Canonical Request: '"POST
/

amz-sdk-invocation-id:5a102642-cb26-02e3-bf9d-ed54354c582b
amz-sdk-retry:0/0/500
content-length:95
content-type:application/x-amz-json-1.0
host:dynamodb.ap-southeast-2.amazonaws.com
user-agent:aws-sdk-java/1.11.269 Linux/4.9.51-10.52.amzn1.x86_64 Java_HotSpot(TM)_64-Bit_Server_VM/25.151-b12 java/1.8.0_151 com.amazonaws.services.dynamodbv2.datamodeling.DynamoDBMapper/1.11.269
x-amz-date:20180222T055635Z
x-amz-security-token:FQoDYXdzED4aDEWVuZdu/igC4EsysCLWAxdNJ6Wt0/hMjgH96Gsv9xlVAOtm3iU3Xm6FBZ3g1+aJLAoqTyZ6uG9s0yqgCQqOWV7NiEVJdMipU8iHGTfd3A13V77DRebu/uo+xl+xG91Jmvl2DeIvhVq+WhEwMH8Va7zfx7q8eLHeNtMjceJ8fKsuQZLIAYu+66frmH8S1kGXB77+ace4f6BViUg1FT2h3wBiSL0ydQd52y8raGrbTLMqVCjcolANti+MjC43sm0heGzeNBTJ6UPDTGWmVZXvthqfvgEB/lIJm/nSfhb4vRuczpMRgyJsDvrSJ80kpAtFvbGuNAjDDs96+lEGcbjEPM4vcRAFVN4K7YvXPBGnWjwp94Q5jKrXwhtaifhb3YHR926fTMacf4lz6LOO/l6QY6dftQGqPzDBAN7eEd1Zu15nSfbVwFPiqZJ4QMNEspNrBZhENZXdDEw6awFHlyYqP82Ekd/U3vO1jCOL1s6QHjHxT5B8cebbGOZ+DS3wAIuSdckvSnDze9hu4Mk3R4DvzmYmJktuGs1+U+M5AdpACzCXfr5ddYg4BkuTxCbYS3wKU3Iy1kA48MGYdREAErVc9sVtTipLr2Ubc6MC//wDRtXCVKPwf5ReF2QkLkibJqTFy+HUoE2VKIj7t9QF
x-amz-target:DynamoDB_20120810.DeleteItem

amz-sdk-invocation-id;amz-sdk-retry;content-length;content-type;host;user-agent;x-amz-date;x-amz-security-token;x-amz-target
06582919e6512c579dbe34eff9738045063b1ed12dc965dadc3be1f79e4a5e17"
2018-02-22 05:56:35,632 [main] DEBUG  com.amazonaws.auth.AWS4Signer  - AWS4 String to Sign: '"AWS4-HMAC-SHA256
20180222T055635Z
20180222/ap-southeast-2/dynamodb/aws4_request
12a8e674f9f621be62df50a4701b824a727ccc1fb46faecd9fa6eb3cd66a80aa"
2018-02-22 05:56:35,633 [main] DEBUG ent.protocol.RequestAddCookies  - CookieSpec selected: default
2018-02-22 05:56:35,634 [main] DEBUG ient.protocol.RequestAuthCache  - Auth cache not set in the context
2018-02-22 05:56:35,634 [main] DEBUG ingHttpClientConnectionManager  - Connection request: [route: {s}->https://dynamodb.ap-southeast-2.amazonaws.com:443][total kept alive: 1; route allocated: 1 of 50; total allocated: 1 of 50]
2018-02-22 05:56:35,635 [main] DEBUG ingHttpClientConnectionManager  - Connection leased: [id: 0][route: {s}->https://dynamodb.ap-southeast-2.amazonaws.com:443][total kept alive: 0; route allocated: 1 of 50; total allocated: 1 of 50]
2018-02-22 05:56:35,635 [main] DEBUG ultManagedHttpClientConnection  - http-outgoing-0: set socket timeout to 50000
2018-02-22 05:56:35,636 [main] DEBUG .impl.execchain.MainClientExec  - Executing request POST / HTTP/1.1
2018-02-22 05:56:35,636 [main] DEBUG .impl.execchain.MainClientExec  - Proxy auth state: UNCHALLENGED
2018-02-22 05:56:35,637 [main] DEBUG        org.apache.http.headers  - http-outgoing-0 >> POST / HTTP/1.1
2018-02-22 05:56:35,638 [main] DEBUG        org.apache.http.headers  - http-outgoing-0 >> Host: dynamodb.ap-southeast-2.amazonaws.com
2018-02-22 05:56:35,639 [main] DEBUG        org.apache.http.headers  - http-outgoing-0 >> Authorization: AWS4-HMAC-SHA256 Credential=ASIAIF5KDT4MNLUHAZXQ/20180222/ap-southeast-2/dynamodb/aws4_request, SignedHeaders=amz-sdk-invocation-id;amz-sdk-retry;content-length;content-type;host;user-agent;x-amz-date;x-amz-security-token;x-amz-target, Signature=79f5c32e7b2d8525b8e6b5e016d98c0d19e3363a4b88dd3381e6157010e123d8
2018-02-22 05:56:35,640 [main] DEBUG        org.apache.http.headers  - http-outgoing-0 >> X-Amz-Date: 20180222T055635Z
2018-02-22 05:56:35,641 [main] DEBUG        org.apache.http.headers  - http-outgoing-0 >> User-Agent: aws-sdk-java/1.11.269 Linux/4.9.51-10.52.amzn1.x86_64 Java_HotSpot(TM)_64-Bit_Server_VM/25.151-b12 java/1.8.0_151 com.amazonaws.services.dynamodbv2.datamodeling.DynamoDBMapper/1.11.269
2018-02-22 05:56:35,641 [main] DEBUG        org.apache.http.headers  - http-outgoing-0 >> X-Amz-Security-Token: FQoDYXdzED4aDEWVuZdu/igC4EsysCLWAxdNJ6Wt0/hMjgH96Gsv9xlVAOtm3iU3Xm6FBZ3g1+aJLAoqTyZ6uG9s0yqgCQqOWV7NiEVJdMipU8iHGTfd3A13V77DRebu/uo+xl+xG91Jmvl2DeIvhVq+WhEwMH8Va7zfx7q8eLHeNtMjceJ8fKsuQZLIAYu+66frmH8S1kGXB77+ace4f6BViUg1FT2h3wBiSL0ydQd52y8raGrbTLMqVCjcolANti+MjC43sm0heGzeNBTJ6UPDTGWmVZXvthqfvgEB/lIJm/nSfhb4vRuczpMRgyJsDvrSJ80kpAtFvbGuNAjDDs96+lEGcbjEPM4vcRAFVN4K7YvXPBGnWjwp94Q5jKrXwhtaifhb3YHR926fTMacf4lz6LOO/l6QY6dftQGqPzDBAN7eEd1Zu15nSfbVwFPiqZJ4QMNEspNrBZhENZXdDEw6awFHlyYqP82Ekd/U3vO1jCOL1s6QHjHxT5B8cebbGOZ+DS3wAIuSdckvSnDze9hu4Mk3R4DvzmYmJktuGs1+U+M5AdpACzCXfr5ddYg4BkuTxCbYS3wKU3Iy1kA48MGYdREAErVc9sVtTipLr2Ubc6MC//wDRtXCVKPwf5ReF2QkLkibJqTFy+HUoE2VKIj7t9QF
2018-02-22 05:56:35,645 [main] DEBUG        org.apache.http.headers  - http-outgoing-0 >> amz-sdk-invocation-id: 5a102642-cb26-02e3-bf9d-ed54354c582b
2018-02-22 05:56:35,645 [main] DEBUG        org.apache.http.headers  - http-outgoing-0 >> amz-sdk-retry: 0/0/500
2018-02-22 05:56:35,645 [main] DEBUG        org.apache.http.headers  - http-outgoing-0 >> X-Amz-Target: DynamoDB_20120810.DeleteItem
2018-02-22 05:56:35,646 [main] DEBUG        org.apache.http.headers  - http-outgoing-0 >> Content-Type: application/x-amz-json-1.0
2018-02-22 05:56:35,646 [main] DEBUG        org.apache.http.headers  - http-outgoing-0 >> Content-Length: 95
2018-02-22 05:56:35,646 [main] DEBUG        org.apache.http.headers  - http-outgoing-0 >> Connection: Keep-Alive
2018-02-22 05:56:35,647 [main] DEBUG           org.apache.http.wire  - http-outgoing-0 >> "POST / HTTP/1.1[\r][\n]"
2018-02-22 05:56:35,647 [main] DEBUG           org.apache.http.wire  - http-outgoing-0 >> "Host: dynamodb.ap-southeast-2.amazonaws.com[\r][\n]"
2018-02-22 05:56:35,648 [main] DEBUG           org.apache.http.wire  - http-outgoing-0 >> "Authorization: AWS4-HMAC-SHA256 Credential=ASIAIF5KDT4MNLUHAZXQ/20180222/ap-southeast-2/dynamodb/aws4_request, SignedHeaders=amz-sdk-invocation-id;amz-sdk-retry;content-length;content-type;host;user-agent;x-amz-date;x-amz-security-token;x-amz-target, Signature=79f5c32e7b2d8525b8e6b5e016d98c0d19e3363a4b88dd3381e6157010e123d8[\r][\n]"
2018-02-22 05:56:35,648 [main] DEBUG           org.apache.http.wire  - http-outgoing-0 >> "X-Amz-Date: 20180222T055635Z[\r][\n]"
2018-02-22 05:56:35,649 [main] DEBUG           org.apache.http.wire  - http-outgoing-0 >> "User-Agent: aws-sdk-java/1.11.269 Linux/4.9.51-10.52.amzn1.x86_64 Java_HotSpot(TM)_64-Bit_Server_VM/25.151-b12 java/1.8.0_151 com.amazonaws.services.dynamodbv2.datamodeling.DynamoDBMapper/1.11.269[\r][\n]"
2018-02-22 05:56:35,649 [main] DEBUG           org.apache.http.wire  - http-outgoing-0 >> "X-Amz-Security-Token: FQoDYXdzED4aDEWVuZdu/igC4EsysCLWAxdNJ6Wt0/hMjgH96Gsv9xlVAOtm3iU3Xm6FBZ3g1+aJLAoqTyZ6uG9s0yqgCQqOWV7NiEVJdMipU8iHGTfd3A13V77DRebu/uo+xl+xG91Jmvl2DeIvhVq+WhEwMH8Va7zfx7q8eLHeNtMjceJ8fKsuQZLIAYu+66frmH8S1kGXB77+ace4f6BViUg1FT2h3wBiSL0ydQd52y8raGrbTLMqVCjcolANti+MjC43sm0heGzeNBTJ6UPDTGWmVZXvthqfvgEB/lIJm/nSfhb4vRuczpMRgyJsDvrSJ80kpAtFvbGuNAjDDs96+lEGcbjEPM4vcRAFVN4K7YvXPBGnWjwp94Q5jKrXwhtaifhb3YHR926fTMacf4lz6LOO/l6QY6dftQGqPzDBAN7eEd1Zu15nSfbVwFPiqZJ4QMNEspNrBZhENZXdDEw6awFHlyYqP82Ekd/U3vO1jCOL1s6QHjHxT5B8cebbGOZ+DS3wAIuSdckvSnDze9hu4Mk3R4DvzmYmJktuGs1+U+M5AdpACzCXfr5ddYg4BkuTxCbYS3wKU3Iy1kA48MGYdREAErVc9sVtTipLr2Ubc6MC//wDRtXCVKPwf5ReF2QkLkibJqTFy+HUoE2VKIj7t9QF[\r][\n]"
2018-02-22 05:56:35,652 [main] DEBUG           org.apache.http.wire  - http-outgoing-0 >> "amz-sdk-invocation-id: 5a102642-cb26-02e3-bf9d-ed54354c582b[\r][\n]"
2018-02-22 05:56:35,655 [main] DEBUG           org.apache.http.wire  - http-outgoing-0 >> "amz-sdk-retry: 0/0/500[\r][\n]"
2018-02-22 05:56:35,655 [main] DEBUG           org.apache.http.wire  - http-outgoing-0 >> "X-Amz-Target: DynamoDB_20120810.DeleteItem[\r][\n]"
2018-02-22 05:56:35,656 [main] DEBUG           org.apache.http.wire  - http-outgoing-0 >> "Content-Type: application/x-amz-json-1.0[\r][\n]"
2018-02-22 05:56:35,656 [main] DEBUG           org.apache.http.wire  - http-outgoing-0 >> "Content-Length: 95[\r][\n]"
2018-02-22 05:56:35,656 [main] DEBUG           org.apache.http.wire  - http-outgoing-0 >> "Connection: Keep-Alive[\r][\n]"
2018-02-22 05:56:35,657 [main] DEBUG           org.apache.http.wire  - http-outgoing-0 >> "[\r][\n]"
2018-02-22 05:56:35,657 [main] DEBUG           org.apache.http.wire  - http-outgoing-0 >> "{"TableName":"CdslContextIntegrationTest","Key":{"id":{"S":"shouldCrudContext"}},"Expected":{}}"
2018-02-22 05:56:35,858 [main] DEBUG           org.apache.http.wire  - http-outgoing-0 << "HTTP/1.1 200 OK[\r][\n]"
2018-02-22 05:56:35,858 [main] DEBUG           org.apache.http.wire  - http-outgoing-0 << "Server: Server[\r][\n]"
2018-02-22 05:56:35,858 [main] DEBUG           org.apache.http.wire  - http-outgoing-0 << "Date: Thu, 22 Feb 2018 05:56:35 GMT[\r][\n]"
2018-02-22 05:56:35,858 [main] DEBUG           org.apache.http.wire  - http-outgoing-0 << "Content-Type: application/x-amz-json-1.0[\r][\n]"
2018-02-22 05:56:35,858 [main] DEBUG           org.apache.http.wire  - http-outgoing-0 << "Content-Length: 2[\r][\n]"
2018-02-22 05:56:35,858 [main] DEBUG           org.apache.http.wire  - http-outgoing-0 << "Connection: keep-alive[\r][\n]"
2018-02-22 05:56:35,859 [main] DEBUG           org.apache.http.wire  - http-outgoing-0 << "x-amzn-RequestId: 5QI1Q0VGKV894J343H41D1RII3VV4KQNSO5AEMVJF66Q9ASUAAJG[\r][\n]"
2018-02-22 05:56:35,859 [main] DEBUG           org.apache.http.wire  - http-outgoing-0 << "x-amz-crc32: 2745614147[\r][\n]"
2018-02-22 05:56:35,859 [main] DEBUG           org.apache.http.wire  - http-outgoing-0 << "[\r][\n]"
2018-02-22 05:56:35,859 [main] DEBUG           org.apache.http.wire  - http-outgoing-0 << "{}"
2018-02-22 05:56:35,859 [main] DEBUG        org.apache.http.headers  - http-outgoing-0 << HTTP/1.1 200 OK
2018-02-22 05:56:35,859 [main] DEBUG        org.apache.http.headers  - http-outgoing-0 << Server: Server
2018-02-22 05:56:35,859 [main] DEBUG        org.apache.http.headers  - http-outgoing-0 << Date: Thu, 22 Feb 2018 05:56:35 GMT
2018-02-22 05:56:35,859 [main] DEBUG        org.apache.http.headers  - http-outgoing-0 << Content-Type: application/x-amz-json-1.0
2018-02-22 05:56:35,859 [main] DEBUG        org.apache.http.headers  - http-outgoing-0 << Content-Length: 2
2018-02-22 05:56:35,859 [main] DEBUG        org.apache.http.headers  - http-outgoing-0 << Connection: keep-alive
2018-02-22 05:56:35,859 [main] DEBUG        org.apache.http.headers  - http-outgoing-0 << x-amzn-RequestId: 5QI1Q0VGKV894J343H41D1RII3VV4KQNSO5AEMVJF66Q9ASUAAJG
2018-02-22 05:56:35,865 [main] DEBUG        org.apache.http.headers  - http-outgoing-0 << x-amz-crc32: 2745614147
2018-02-22 05:56:35,866 [main] DEBUG .impl.execchain.MainClientExec  - Connection can be kept alive for 60000 MILLISECONDS
2018-02-22 05:56:35,866 [main] DEBUG ingHttpClientConnectionManager  - Connection [id: 0][route: {s}->https://dynamodb.ap-southeast-2.amazonaws.com:443] can be kept alive for 60.0 seconds
2018-02-22 05:56:35,867 [main] DEBUG ingHttpClientConnectionManager  - Connection released: [id: 0][route: {s}->https://dynamodb.ap-southeast-2.amazonaws.com:443][total kept alive: 1; route allocated: 1 of 50; total allocated: 1 of 50]
2018-02-22 05:56:35,869 [main] DEBUG          com.amazonaws.request  - Received successful response: 200, AWS Request ID: 5QI1Q0VGKV894J343H41D1RII3VV4KQNSO5AEMVJF66Q9ASUAAJG
2018-02-22 05:56:35,871 [main] DEBUG        com.amazonaws.requestId  - x-amzn-RequestId: 5QI1Q0VGKV894J343H41D1RII3VV4KQNSO5AEMVJF66Q9ASUAAJG
2018-02-22 05:56:35,879 [main] DEBUG          com.amazonaws.request  - Sending Request: POST https://dynamodb.ap-southeast-2.amazonaws.com / Headers: (User-Agent: aws-sdk-java/1.11.269 Linux/4.9.51-10.52.amzn1.x86_64 Java_HotSpot(TM)_64-Bit_Server_VM/25.151-b12 java/1.8.0_151 com.amazonaws.services.dynamodbv2.datamodeling.DynamoDBMapper/1.11.269, amz-sdk-invocation-id: c109df3c-537d-ed3b-0c0f-6a831f4ac39b, Content-Length: 104, X-Amz-Target: DynamoDB_20120810.GetItem, Content-Type: application/x-amz-json-1.0, ) 
2018-02-22 05:56:35,881 [main] DEBUG  com.amazonaws.auth.AWS4Signer  - AWS4 Canonical Request: '"POST
/

amz-sdk-invocation-id:c109df3c-537d-ed3b-0c0f-6a831f4ac39b
amz-sdk-retry:0/0/500
content-length:104
content-type:application/x-amz-json-1.0
host:dynamodb.ap-southeast-2.amazonaws.com
user-agent:aws-sdk-java/1.11.269 Linux/4.9.51-10.52.amzn1.x86_64 Java_HotSpot(TM)_64-Bit_Server_VM/25.151-b12 java/1.8.0_151 com.amazonaws.services.dynamodbv2.datamodeling.DynamoDBMapper/1.11.269
x-amz-date:20180222T055635Z
x-amz-security-token:FQoDYXdzED4aDEWVuZdu/igC4EsysCLWAxdNJ6Wt0/hMjgH96Gsv9xlVAOtm3iU3Xm6FBZ3g1+aJLAoqTyZ6uG9s0yqgCQqOWV7NiEVJdMipU8iHGTfd3A13V77DRebu/uo+xl+xG91Jmvl2DeIvhVq+WhEwMH8Va7zfx7q8eLHeNtMjceJ8fKsuQZLIAYu+66frmH8S1kGXB77+ace4f6BViUg1FT2h3wBiSL0ydQd52y8raGrbTLMqVCjcolANti+MjC43sm0heGzeNBTJ6UPDTGWmVZXvthqfvgEB/lIJm/nSfhb4vRuczpMRgyJsDvrSJ80kpAtFvbGuNAjDDs96+lEGcbjEPM4vcRAFVN4K7YvXPBGnWjwp94Q5jKrXwhtaifhb3YHR926fTMacf4lz6LOO/l6QY6dftQGqPzDBAN7eEd1Zu15nSfbVwFPiqZJ4QMNEspNrBZhENZXdDEw6awFHlyYqP82Ekd/U3vO1jCOL1s6QHjHxT5B8cebbGOZ+DS3wAIuSdckvSnDze9hu4Mk3R4DvzmYmJktuGs1+U+M5AdpACzCXfr5ddYg4BkuTxCbYS3wKU3Iy1kA48MGYdREAErVc9sVtTipLr2Ubc6MC//wDRtXCVKPwf5ReF2QkLkibJqTFy+HUoE2VKIj7t9QF
x-amz-target:DynamoDB_20120810.GetItem

amz-sdk-invocation-id;amz-sdk-retry;content-length;content-type;host;user-agent;x-amz-date;x-amz-security-token;x-amz-target
b59a01df01fed8b2e8a6262129438deda1ee3c208339a64cfec70972a0ae1836"
2018-02-22 05:56:35,883 [main] DEBUG  com.amazonaws.auth.AWS4Signer  - AWS4 String to Sign: '"AWS4-HMAC-SHA256
20180222T055635Z
20180222/ap-southeast-2/dynamodb/aws4_request
21f9bedad27ef75f0dd4b79dc5ea17c2175128ec1f6372c7af2fb1ab1ac6cf75"
2018-02-22 05:56:35,885 [main] DEBUG ent.protocol.RequestAddCookies  - CookieSpec selected: default
2018-02-22 05:56:35,885 [main] DEBUG ient.protocol.RequestAuthCache  - Auth cache not set in the context
2018-02-22 05:56:35,886 [main] DEBUG ingHttpClientConnectionManager  - Connection request: [route: {s}->https://dynamodb.ap-southeast-2.amazonaws.com:443][total kept alive: 1; route allocated: 1 of 50; total allocated: 1 of 50]
2018-02-22 05:56:35,887 [main] DEBUG ingHttpClientConnectionManager  - Connection leased: [id: 0][route: {s}->https://dynamodb.ap-southeast-2.amazonaws.com:443][total kept alive: 0; route allocated: 1 of 50; total allocated: 1 of 50]
2018-02-22 05:56:35,887 [main] DEBUG ultManagedHttpClientConnection  - http-outgoing-0: set socket timeout to 50000
2018-02-22 05:56:35,888 [main] DEBUG .impl.execchain.MainClientExec  - Executing request POST / HTTP/1.1
2018-02-22 05:56:35,888 [main] DEBUG .impl.execchain.MainClientExec  - Proxy auth state: UNCHALLENGED
2018-02-22 05:56:35,889 [main] DEBUG        org.apache.http.headers  - http-outgoing-0 >> POST / HTTP/1.1
2018-02-22 05:56:35,889 [main] DEBUG        org.apache.http.headers  - http-outgoing-0 >> Host: dynamodb.ap-southeast-2.amazonaws.com
2018-02-22 05:56:35,889 [main] DEBUG        org.apache.http.headers  - http-outgoing-0 >> Authorization: AWS4-HMAC-SHA256 Credential=ASIAIF5KDT4MNLUHAZXQ/20180222/ap-southeast-2/dynamodb/aws4_request, SignedHeaders=amz-sdk-invocation-id;amz-sdk-retry;content-length;content-type;host;user-agent;x-amz-date;x-amz-security-token;x-amz-target, Signature=4d1594d43493c1beebe23436ce9f4b1db19c5ddab302f7356a1bfbce3f894968
2018-02-22 05:56:35,890 [main] DEBUG        org.apache.http.headers  - http-outgoing-0 >> X-Amz-Date: 20180222T055635Z
2018-02-22 05:56:35,891 [main] DEBUG        org.apache.http.headers  - http-outgoing-0 >> User-Agent: aws-sdk-java/1.11.269 Linux/4.9.51-10.52.amzn1.x86_64 Java_HotSpot(TM)_64-Bit_Server_VM/25.151-b12 java/1.8.0_151 com.amazonaws.services.dynamodbv2.datamodeling.DynamoDBMapper/1.11.269
2018-02-22 05:56:35,891 [main] DEBUG        org.apache.http.headers  - http-outgoing-0 >> X-Amz-Security-Token: FQoDYXdzED4aDEWVuZdu/igC4EsysCLWAxdNJ6Wt0/hMjgH96Gsv9xlVAOtm3iU3Xm6FBZ3g1+aJLAoqTyZ6uG9s0yqgCQqOWV7NiEVJdMipU8iHGTfd3A13V77DRebu/uo+xl+xG91Jmvl2DeIvhVq+WhEwMH8Va7zfx7q8eLHeNtMjceJ8fKsuQZLIAYu+66frmH8S1kGXB77+ace4f6BViUg1FT2h3wBiSL0ydQd52y8raGrbTLMqVCjcolANti+MjC43sm0heGzeNBTJ6UPDTGWmVZXvthqfvgEB/lIJm/nSfhb4vRuczpMRgyJsDvrSJ80kpAtFvbGuNAjDDs96+lEGcbjEPM4vcRAFVN4K7YvXPBGnWjwp94Q5jKrXwhtaifhb3YHR926fTMacf4lz6LOO/l6QY6dftQGqPzDBAN7eEd1Zu15nSfbVwFPiqZJ4QMNEspNrBZhENZXdDEw6awFHlyYqP82Ekd/U3vO1jCOL1s6QHjHxT5B8cebbGOZ+DS3wAIuSdckvSnDze9hu4Mk3R4DvzmYmJktuGs1+U+M5AdpACzCXfr5ddYg4BkuTxCbYS3wKU3Iy1kA48MGYdREAErVc9sVtTipLr2Ubc6MC//wDRtXCVKPwf5ReF2QkLkibJqTFy+HUoE2VKIj7t9QF
2018-02-22 05:56:35,893 [main] DEBUG        org.apache.http.headers  - http-outgoing-0 >> amz-sdk-invocation-id: c109df3c-537d-ed3b-0c0f-6a831f4ac39b
2018-02-22 05:56:35,894 [main] DEBUG        org.apache.http.headers  - http-outgoing-0 >> amz-sdk-retry: 0/0/500
2018-02-22 05:56:35,894 [main] DEBUG        org.apache.http.headers  - http-outgoing-0 >> X-Amz-Target: DynamoDB_20120810.GetItem
2018-02-22 05:56:35,895 [main] DEBUG        org.apache.http.headers  - http-outgoing-0 >> Content-Type: application/x-amz-json-1.0
2018-02-22 05:56:35,895 [main] DEBUG        org.apache.http.headers  - http-outgoing-0 >> Content-Length: 104
2018-02-22 05:56:35,895 [main] DEBUG        org.apache.http.headers  - http-outgoing-0 >> Connection: Keep-Alive
2018-02-22 05:56:35,896 [main] DEBUG           org.apache.http.wire  - http-outgoing-0 >> "POST / HTTP/1.1[\r][\n]"
2018-02-22 05:56:35,896 [main] DEBUG           org.apache.http.wire  - http-outgoing-0 >> "Host: dynamodb.ap-southeast-2.amazonaws.com[\r][\n]"
2018-02-22 05:56:35,897 [main] DEBUG           org.apache.http.wire  - http-outgoing-0 >> "Authorization: AWS4-HMAC-SHA256 Credential=ASIAIF5KDT4MNLUHAZXQ/20180222/ap-southeast-2/dynamodb/aws4_request, SignedHeaders=amz-sdk-invocation-id;amz-sdk-retry;content-length;content-type;host;user-agent;x-amz-date;x-amz-security-token;x-amz-target, Signature=4d1594d43493c1beebe23436ce9f4b1db19c5ddab302f7356a1bfbce3f894968[\r][\n]"
2018-02-22 05:56:35,897 [main] DEBUG           org.apache.http.wire  - http-outgoing-0 >> "X-Amz-Date: 20180222T055635Z[\r][\n]"
2018-02-22 05:56:35,898 [main] DEBUG           org.apache.http.wire  - http-outgoing-0 >> "User-Agent: aws-sdk-java/1.11.269 Linux/4.9.51-10.52.amzn1.x86_64 Java_HotSpot(TM)_64-Bit_Server_VM/25.151-b12 java/1.8.0_151 com.amazonaws.services.dynamodbv2.datamodeling.DynamoDBMapper/1.11.269[\r][\n]"
2018-02-22 05:56:35,903 [main] DEBUG           org.apache.http.wire  - http-outgoing-0 >> "X-Amz-Security-Token: FQoDYXdzED4aDEWVuZdu/igC4EsysCLWAxdNJ6Wt0/hMjgH96Gsv9xlVAOtm3iU3Xm6FBZ3g1+aJLAoqTyZ6uG9s0yqgCQqOWV7NiEVJdMipU8iHGTfd3A13V77DRebu/uo+xl+xG91Jmvl2DeIvhVq+WhEwMH8Va7zfx7q8eLHeNtMjceJ8fKsuQZLIAYu+66frmH8S1kGXB77+ace4f6BViUg1FT2h3wBiSL0ydQd52y8raGrbTLMqVCjcolANti+MjC43sm0heGzeNBTJ6UPDTGWmVZXvthqfvgEB/lIJm/nSfhb4vRuczpMRgyJsDvrSJ80kpAtFvbGuNAjDDs96+lEGcbjEPM4vcRAFVN4K7YvXPBGnWjwp94Q5jKrXwhtaifhb3YHR926fTMacf4lz6LOO/l6QY6dftQGqPzDBAN7eEd1Zu15nSfbVwFPiqZJ4QMNEspNrBZhENZXdDEw6awFHlyYqP82Ekd/U3vO1jCOL1s6QHjHxT5B8cebbGOZ+DS3wAIuSdckvSnDze9hu4Mk3R4DvzmYmJktuGs1+U+M5AdpACzCXfr5ddYg4BkuTxCbYS3wKU3Iy1kA48MGYdREAErVc9sVtTipLr2Ubc6MC//wDRtXCVKPwf5ReF2QkLkibJqTFy+HUoE2VKIj7t9QF[\r][\n]"
2018-02-22 05:56:35,904 [main] DEBUG           org.apache.http.wire  - http-outgoing-0 >> "amz-sdk-invocation-id: c109df3c-537d-ed3b-0c0f-6a831f4ac39b[\r][\n]"
2018-02-22 05:56:35,904 [main] DEBUG           org.apache.http.wire  - http-outgoing-0 >> "amz-sdk-retry: 0/0/500[\r][\n]"
2018-02-22 05:56:35,905 [main] DEBUG           org.apache.http.wire  - http-outgoing-0 >> "X-Amz-Target: DynamoDB_20120810.GetItem[\r][\n]"
2018-02-22 05:56:35,905 [main] DEBUG           org.apache.http.wire  - http-outgoing-0 >> "Content-Type: application/x-amz-json-1.0[\r][\n]"
2018-02-22 05:56:35,905 [main] DEBUG           org.apache.http.wire  - http-outgoing-0 >> "Content-Length: 104[\r][\n]"
2018-02-22 05:56:35,906 [main] DEBUG           org.apache.http.wire  - http-outgoing-0 >> "Connection: Keep-Alive[\r][\n]"
2018-02-22 05:56:35,906 [main] DEBUG           org.apache.http.wire  - http-outgoing-0 >> "[\r][\n]"
2018-02-22 05:56:35,907 [main] DEBUG           org.apache.http.wire  - http-outgoing-0 >> "{"TableName":"CdslContextIntegrationTest","Key":{"id":{"S":"shouldCrudContext"}},"ConsistentRead":false}"
2018-02-22 05:56:36,088 [main] DEBUG           org.apache.http.wire  - http-outgoing-0 << "HTTP/1.1 200 OK[\r][\n]"
2018-02-22 05:56:36,088 [main] DEBUG           org.apache.http.wire  - http-outgoing-0 << "Server: Server[\r][\n]"
2018-02-22 05:56:36,089 [main] DEBUG           org.apache.http.wire  - http-outgoing-0 << "Date: Thu, 22 Feb 2018 05:56:35 GMT[\r][\n]"
2018-02-22 05:56:36,089 [main] DEBUG           org.apache.http.wire  - http-outgoing-0 << "Content-Type: application/x-amz-json-1.0[\r][\n]"
2018-02-22 05:56:36,089 [main] DEBUG           org.apache.http.wire  - http-outgoing-0 << "Content-Length: 2[\r][\n]"
2018-02-22 05:56:36,089 [main] DEBUG           org.apache.http.wire  - http-outgoing-0 << "Connection: keep-alive[\r][\n]"
2018-02-22 05:56:36,089 [main] DEBUG           org.apache.http.wire  - http-outgoing-0 << "x-amzn-RequestId: CAD3MTAVENC92DPDP96B8U4RKJVV4KQNSO5AEMVJF66Q9ASUAAJG[\r][\n]"
2018-02-22 05:56:36,089 [main] DEBUG           org.apache.http.wire  - http-outgoing-0 << "x-amz-crc32: 2745614147[\r][\n]"
2018-02-22 05:56:36,089 [main] DEBUG           org.apache.http.wire  - http-outgoing-0 << "[\r][\n]"
2018-02-22 05:56:36,089 [main] DEBUG           org.apache.http.wire  - http-outgoing-0 << "{}"
2018-02-22 05:56:36,089 [main] DEBUG        org.apache.http.headers  - http-outgoing-0 << HTTP/1.1 200 OK
2018-02-22 05:56:36,089 [main] DEBUG        org.apache.http.headers  - http-outgoing-0 << Server: Server
2018-02-22 05:56:36,089 [main] DEBUG        org.apache.http.headers  - http-outgoing-0 << Date: Thu, 22 Feb 2018 05:56:35 GMT
2018-02-22 05:56:36,089 [main] DEBUG        org.apache.http.headers  - http-outgoing-0 << Content-Type: application/x-amz-json-1.0
2018-02-22 05:56:36,089 [main] DEBUG        org.apache.http.headers  - http-outgoing-0 << Content-Length: 2
2018-02-22 05:56:36,089 [main] DEBUG        org.apache.http.headers  - http-outgoing-0 << Connection: keep-alive
2018-02-22 05:56:36,089 [main] DEBUG        org.apache.http.headers  - http-outgoing-0 << x-amzn-RequestId: CAD3MTAVENC92DPDP96B8U4RKJVV4KQNSO5AEMVJF66Q9ASUAAJG
2018-02-22 05:56:36,089 [main] DEBUG        org.apache.http.headers  - http-outgoing-0 << x-amz-crc32: 2745614147
2018-02-22 05:56:36,089 [main] DEBUG .impl.execchain.MainClientExec  - Connection can be kept alive for 60000 MILLISECONDS
2018-02-22 05:56:36,090 [main] DEBUG ingHttpClientConnectionManager  - Connection [id: 0][route: {s}->https://dynamodb.ap-southeast-2.amazonaws.com:443] can be kept alive for 60.0 seconds
2018-02-22 05:56:36,090 [main] DEBUG ingHttpClientConnectionManager  - Connection released: [id: 0][route: {s}->https://dynamodb.ap-southeast-2.amazonaws.com:443][total kept alive: 1; route allocated: 1 of 50; total allocated: 1 of 50]
2018-02-22 05:56:36,090 [main] DEBUG          com.amazonaws.request  - Received successful response: 200, AWS Request ID: CAD3MTAVENC92DPDP96B8U4RKJVV4KQNSO5AEMVJF66Q9ASUAAJG
2018-02-22 05:56:36,090 [main] DEBUG        com.amazonaws.requestId  - x-amzn-RequestId: CAD3MTAVENC92DPDP96B8U4RKJVV4KQNSO5AEMVJF66Q9ASUAAJG
]]></system-out>
  </testcase>
</testsuite>