<?xml version="1.0" encoding="UTF-8"?>

<beans xmlns="http://www.springframework.org/schema/beans"
       xmlns:xsi="http://www.w3.org/2001/XMLSchema-instance"
       xmlns:context="http://www.springframework.org/schema/context"
       xmlns:task="http://www.springframework.org/schema/task"
       xsi:schemaLocation="
            http://www.springframework.org/schema/beans http://www.springframework.org/schema/beans/spring-beans-4.0.xsd
            http://www.springframework.org/schema/context http://www.springframework.org/schema/context/spring-context.xsd
            http://www.springframework.org/schema/task http://www.springframework.org/schema/task/spring-task.xsd">

    <context:annotation-config/>
    <context:component-scan base-package="tech.rsqn.cdsl"/>


    <bean id="if-this-test" class="tech.rsqn.cdsl.dsl.DslTestSupport" scope="singleton">

    </bean>

    <bean id="if-this-test-proto" class="tech.rsqn.cdsl.dsl.DslTestSupport" scope="prototype">

    </bean>

    <bean id="static-test-import" class="tech.rsqn.cdsl.dsl.StaticDslTestSupport" scope="singleton">

    </bean>

    <task:annotation-driven executor="globalExecutor" scheduler="globalScheduler"/>
    <task:executor id="globalExecutor" pool-size="5"/>
    <task:scheduler id="globalScheduler" pool-size="10"/>

</beans>